Release 14.7 - xst P.20131013 (nt64)
Copyright (c) 1995-2013 Xilinx, Inc.  All rights reserved.
--> Parameter TMPDIR set to xst/projnav.tmp


Total REAL time to Xst completion: 0.00 secs
Total CPU time to Xst completion: 0.18 secs
 
--> Parameter xsthdpdir set to xst


Total REAL time to Xst completion: 0.00 secs
Total CPU time to Xst completion: 0.18 secs
 
--> Reading design: digi_clk.prj

TABLE OF CONTENTS
  1) Synthesis Options Summary
  2) HDL Parsing
  3) HDL Elaboration
  4) HDL Synthesis
       4.1) HDL Synthesis Report
  5) Advanced HDL Synthesis
       5.1) Advanced HDL Synthesis Report
  6) Low Level Synthesis
  7) Partition Report
  8) Design Summary
       8.1) Primitive and Black Box Usage
       8.2) Device utilization summary
       8.3) Partition Resource Summary
       8.4) Timing Report
            8.4.1) Clock Information
            8.4.2) Asynchronous Control Signals Information
            8.4.3) Timing Summary
            8.4.4) Timing Details
            8.4.5) Cross Clock Domains Report


=========================================================================
*                      Synthesis Options Summary                        *
=========================================================================
---- Source Parameters
Input File Name                    : "digi_clk.prj"
Ignore Synthesis Constraint File   : NO

---- Target Parameters
Output File Name                   : "digi_clk"
Output Format                      : NGC
Target Device                      : xc6slx9-3-ftg256

---- Source Options
Top Module Name                    : digi_clk
Automatic FSM Extraction           : YES
FSM Encoding Algorithm             : Auto
Safe Implementation                : No
FSM Style                          : LUT
RAM Extraction                     : Yes
RAM Style                          : Auto
ROM Extraction                     : Yes
Shift Register Extraction          : YES
ROM Style                          : Auto
Resource Sharing                   : YES
Asynchronous To Synchronous        : NO
Shift Register Minimum Size        : 2
Use DSP Block                      : Auto
Automatic Register Balancing       : No

---- Target Options
LUT Combining                      : Auto
Reduce Control Sets                : Auto
Add IO Buffers                     : YES
Global Maximum Fanout              : 100000
Add Generic Clock Buffer(BUFG)     : 16
Register Duplication               : YES
Optimize Instantiated Primitives   : NO
Use Clock Enable                   : Auto
Use Synchronous Set                : Auto
Use Synchronous Reset              : Auto
Pack IO Registers into IOBs        : Auto
Equivalent register Removal        : YES

---- General Options
Optimization Goal                  : Speed
Optimization Effort                : 1
Power Reduction                    : NO
Keep Hierarchy                     : No
Netlist Hierarchy                  : As_Optimized
RTL Output                         : Yes
Global Optimization                : AllClockNets
Read Cores                         : YES
Write Timing Constraints           : NO
Cross Clock Analysis               : NO
Hierarchy Separator                : /
Bus Delimiter                      : <>
Case Specifier                     : Maintain
Slice Utilization Ratio            : 100
BRAM Utilization Ratio             : 100
DSP48 Utilization Ratio            : 100
Auto BRAM Packing                  : NO
Slice Utilization Ratio Delta      : 5

=========================================================================


=========================================================================
*                          HDL Parsing                                  *
=========================================================================
Parsing VHDL file "C:\Projects\RTC_2\Clock.vhd" into library work
Parsing entity <digi_clk>.
Parsing architecture <Behavioral> of entity <digi_clk>.

=========================================================================
*                            HDL Elaboration                            *
=========================================================================

Elaborating entity <digi_clk> (architecture <Behavioral>) from library <work>.

=========================================================================
*                           HDL Synthesis                               *
=========================================================================

Synthesizing Unit <digi_clk>.
    Related source file is "C:\Projects\RTC_2\Clock.vhd".
    Found 1-bit register for signal <clk>.
    Found 6-bit register for signal <sec>.
    Found 6-bit register for signal <min>.
    Found 6-bit register for signal <hour>.
    Found 32-bit register for signal <count>.
    Found 32-bit adder for signal <count[31]_GND_5_o_add_3_OUT> created at line 27.
    Found 6-bit adder for signal <sec[5]_GND_5_o_add_7_OUT> created at line 38.
    Found 6-bit adder for signal <min[5]_GND_5_o_add_9_OUT> created at line 41.
    Found 6-bit adder for signal <hour[5]_GND_5_o_add_11_OUT> created at line 43.
    Summary:
	inferred   4 Adder/Subtractor(s).
	inferred  51 D-type flip-flop(s).
Unit <digi_clk> synthesized.

=========================================================================
HDL Synthesis Report

Macro Statistics
# Adders/Subtractors                                   : 4
 32-bit adder                                          : 1
 6-bit adder                                           : 3
# Registers                                            : 5
 1-bit register                                        : 1
 32-bit register                                       : 1
 6-bit register                                        : 3

=========================================================================

=========================================================================
*                       Advanced HDL Synthesis                          *
=========================================================================


Synthesizing (advanced) Unit <digi_clk>.
The following registers are absorbed into counter <count>: 1 register on signal <count>.
The following registers are absorbed into counter <sec>: 1 register on signal <sec>.
The following registers are absorbed into counter <min>: 1 register on signal <min>.
The following registers are absorbed into counter <hour>: 1 register on signal <hour>.
Unit <digi_clk> synthesized (advanced).

=========================================================================
Advanced HDL Synthesis Report

Macro Statistics
# Counters                                             : 4
 32-bit up counter                                     : 1
 6-bit up counter                                      : 3
# Registers                                            : 1
 Flip-Flops                                            : 1

=========================================================================

=========================================================================
*                         Low Level Synthesis                           *
=========================================================================

Optimizing unit <digi_clk> ...

Mapping all equations...
Building and optimizing final netlist ...
Found area constraint ratio of 100 (+ 5) on block digi_clk, actual ratio is 1.

Final Macro Processing ...

=========================================================================
Final Register Report

Macro Statistics
# Registers                                            : 51
 Flip-Flops                                            : 51

=========================================================================

=========================================================================
*                           Partition Report                            *
=========================================================================

Partition Implementation Status
-------------------------------

  No Partitions were found in this design.

-------------------------------

=========================================================================
*                            Design Summary                             *
=========================================================================

Top Level Output File Name         : digi_clk.ngc

Primitive and Black Box Usage:
------------------------------
# BELS                             : 166
#      GND                         : 1
#      INV                         : 2
#      LUT1                        : 31
#      LUT2                        : 34
#      LUT3                        : 6
#      LUT4                        : 5
#      LUT5                        : 8
#      LUT6                        : 15
#      MUXCY                       : 31
#      VCC                         : 1
#      XORCY                       : 32
# FlipFlops/Latches                : 51
#      FD                          : 45
#      FDR                         : 6
# Clock Buffers                    : 1
#      BUFGP                       : 1
# IO Buffers                       : 17
#      OBUF                        : 17

Device utilization summary:
---------------------------

Selected Device : 6slx9ftg256-3 


Slice Logic Utilization: 
 Number of Slice Registers:              51  out of  11440     0%  
 Number of Slice LUTs:                  101  out of   5720     1%  
    Number used as Logic:               101  out of   5720     1%  

Slice Logic Distribution: 
 Number of LUT Flip Flop pairs used:    101
   Number with an unused Flip Flop:      50  out of    101    49%  
   Number with an unused LUT:             0  out of    101     0%  
   Number of fully used LUT-FF pairs:    51  out of    101    50%  
   Number of unique control sets:         3

IO Utilization: 
 Number of IOs:                          18
 Number of bonded IOBs:                  18  out of    186     9%  

Specific Feature Utilization:
 Number of BUFG/BUFGCTRLs:                1  out of     16     6%  

---------------------------
Partition Resource Summary:
---------------------------

  No Partitions were found in this design.

---------------------------


=========================================================================
Timing Report

NOTE: THESE TIMING NUMBERS ARE ONLY A SYNTHESIS ESTIMATE.
      FOR ACCURATE TIMING INFORMATION PLEASE REFER TO THE TRACE REPORT
      GENERATED AFTER PLACE-and-ROUTE.

Clock Information:
------------------
-----------------------------------+------------------------+-------+
Clock Signal                       | Clock buffer(FF name)  | Load  |
-----------------------------------+------------------------+-------+
clk                                | NONE(sec_0)            | 18    |
clk1                               | BUFGP                  | 33    |
-----------------------------------+------------------------+-------+
INFO:Xst:2169 - HDL ADVISOR - Some clock signals were not automatically buffered by XST with BUFG/BUFR resources. Please use the buffer_type constraint in order to insert these buffers to the clock signals to help prevent skew problems.

Asynchronous Control Signals Information:
----------------------------------------
No asynchronous control signals found in this design

Timing Summary:
---------------
Speed Grade: -3

   Minimum period: 4.164ns (Maximum Frequency: 240.136MHz)
   Minimum input arrival time before clock: No path found
   Maximum output required time after clock: 3.820ns
   Maximum combinational path delay: No path found

Timing Details:
---------------
All values displayed in nanoseconds (ns)

=========================================================================
Timing constraint: Default period analysis for Clock 'clk'
  Clock period: 3.913ns (frequency: 255.571MHz)
  Total number of paths / destination ports: 296 / 24
-------------------------------------------------------------------------
Delay:               3.913ns (Levels of Logic = 3)
  Source:            sec_4 (FF)
  Destination:       hour_3 (FF)
  Source Clock:      clk rising
  Destination Clock: clk rising

  Data Path: sec_4 to hour_3
                                Gate     Net
    Cell:in->out      fanout   Delay   Delay  Logical Name (Net Name)
    ----------------------------------------  ------------
     FDR:C->Q              4   0.447   1.028  sec_4 (sec_4)
     LUT6:I1->O           19   0.203   1.072  PWR_5_o_sec[5]_equal_9_o<5>1 (PWR_5_o_sec[5]_equal_9_o)
     LUT6:I5->O            3   0.205   0.651  _n0055 (_n0055)
     LUT5:I4->O            1   0.205   0.000  hour_3_rstpot (hour_3_rstpot)
     FD:D                      0.102          hour_3
    ----------------------------------------
    Total                      3.913ns (1.162ns logic, 2.751ns route)
                                       (29.7% logic, 70.3% route)

=========================================================================
Timing constraint: Default period analysis for Clock 'clk1'
  Clock period: 4.164ns (frequency: 240.136MHz)
  Total number of paths / destination ports: 1586 / 33
-------------------------------------------------------------------------
Delay:               4.164ns (Levels of Logic = 3)
  Source:            count_24 (FF)
  Destination:       count_1 (FF)
  Source Clock:      clk1 rising
  Destination Clock: clk1 rising

  Data Path: count_24 to count_1
                                Gate     Net
    Cell:in->out      fanout   Delay   Delay  Logical Name (Net Name)
    ----------------------------------------  ------------
     FD:C->Q               2   0.447   0.981  count_24 (count_24)
     LUT6:I0->O            3   0.203   0.995  GND_5_o_count[31]_equal_5_o<31>5 (GND_5_o_count[31]_equal_5_o<31>4)
     LUT6:I1->O           17   0.203   1.028  GND_5_o_count[31]_equal_5_o<31>7 (GND_5_o_count[31]_equal_5_o)
     LUT2:I1->O            1   0.205   0.000  count_1_rstpot (count_1_rstpot)
     FD:D                      0.102          count_1
    ----------------------------------------
    Total                      4.164ns (1.160ns logic, 3.004ns route)
                                       (27.9% logic, 72.1% route)

=========================================================================
Timing constraint: Default OFFSET OUT AFTER for Clock 'clk'
  Total number of paths / destination ports: 17 / 17
-------------------------------------------------------------------------
Offset:              3.820ns (Levels of Logic = 1)
  Source:            sec_0 (FF)
  Destination:       seconds<0> (PAD)
  Source Clock:      clk rising

  Data Path: sec_0 to seconds<0>
                                Gate     Net
    Cell:in->out      fanout   Delay   Delay  Logical Name (Net Name)
    ----------------------------------------  ------------
     FDR:C->Q              8   0.447   0.802  sec_0 (sec_0)
     OBUF:I->O                 2.571          seconds_0_OBUF (seconds<0>)
    ----------------------------------------
    Total                      3.820ns (3.018ns logic, 0.802ns route)
                                       (79.0% logic, 21.0% route)

=========================================================================

Cross Clock Domains Report:
--------------------------

Clock to Setup on destination clock clk
---------------+---------+---------+---------+---------+
               | Src:Rise| Src:Fall| Src:Rise| Src:Fall|
Source Clock   |Dest:Rise|Dest:Rise|Dest:Fall|Dest:Fall|
---------------+---------+---------+---------+---------+
clk            |    3.913|         |         |         |
---------------+---------+---------+---------+---------+

Clock to Setup on destination clock clk1
---------------+---------+---------+---------+---------+
               | Src:Rise| Src:Fall| Src:Rise| Src:Fall|
Source Clock   |Dest:Rise|Dest:Rise|Dest:Fall|Dest:Fall|
---------------+---------+---------+---------+---------+
clk1           |    4.164|         |         |         |
---------------+---------+---------+---------+---------+

=========================================================================


Total REAL time to Xst completion: 8.00 secs
Total CPU time to Xst completion: 8.22 secs
 
--> 

Total memory usage is 4493928 kilobytes

Number of errors   :    0 (   0 filtered)
Number of warnings :    0 (   0 filtered)
Number of infos    :    1 (   0 filtered)

